# JRE version: OpenJDK Runtime Environment (17.0.6) (build 17.0.6+0-b2043.56-10027231)
# Java VM: OpenJDK 64-Bit Server VM (17.0.6+0-b2043.56-10027231, mixed mode, tiered, compressed oops, compressed class ptrs, g1 gc, windows-amd64)
GC Precious Log:
 CPUs: 4 total, 4 available
 Memory: 8072M
 Large Page Support: Disabled
 NUMA Support: Disabled
 Compressed Oops: Enabled (32-bit)
 Heap Region Size: 1M
 Heap Min Capacity: 8M
 Heap Initial Capacity: 128M
 Heap Max Capacity: 2G
 Pre-touch: Disabled
 Parallel Workers: 4
 Concurrent Workers: 1
 Concurrent Refinement Workers: 4
 Periodic GC: Disabled
Heap:
 garbage-first heap   total 150528K, used 81419K [0x0000000080000000, 0x0000000100000000)
  region size 1024K, 24 young (24576K), 4 survivors (4096K)
 Metaspace       used 78329K, committed 78912K, reserved 1122304K
  class space    used 10552K, committed 10816K, reserved 1048576K
GC Heap History (20 events):
Event: 5.564 GC heap before
{Heap before GC invocations=10 (full 0):
 garbage-first heap   total 68608K, used 50379K [0x0000000080000000, 0x0000000100000000)
  region size 1024K, 31 young (31744K), 4 survivors (4096K)
 Metaspace       used 40366K, committed 40704K, reserved 1089536K
  class space    used 5355K, committed 5504K, reserved 1048576K
}
Event: 5.575 GC heap after
{Heap after GC invocations=11 (full 0):
 garbage-first heap   total 68608K, used 27610K [0x0000000080000000, 0x0000000100000000)
  region size 1024K, 4 young (4096K), 4 survivors (4096K)
 Metaspace       used 40366K, committed 40704K, reserved 1089536K
  class space    used 5355K, committed 5504K, reserved 1048576K
}
Event: 5.874 GC heap before
{Heap before GC invocations=12 (full 0):
 garbage-first heap   total 68608K, used 53210K [0x0000000080000000, 0x0000000100000000)
  region size 1024K, 27 young (27648K), 4 survivors (4096K)
 Metaspace       used 42544K, committed 42880K, reserved 1089536K
  class space    used 5567K, committed 5696K, reserved 1048576K
}
Event: 5.881 GC heap after
{Heap after GC invocations=13 (full 0):
 garbage-first heap   total 68608K, used 29357K [0x0000000080000000, 0x0000000100000000)
  region size 1024K, 3 young (3072K), 3 survivors (3072K)
 Metaspace       used 42544K, committed 42880K, reserved 1089536K
  class space    used 5567K, committed 5696K, reserved 1048576K
}
Event: 5.887 GC heap before
{Heap before GC invocations=13 (full 0):
 garbage-first heap   total 68608K, used 30381K [0x0000000080000000, 0x0000000100000000)
  region size 1024K, 4 young (4096K), 3 survivors (3072K)
 Metaspace       used 42544K, committed 42880K, reserved 1089536K
  class space    used 5567K, committed 5696K, reserved 1048576K
}
Event: 5.891 GC heap after
{Heap after GC invocations=14 (full 0):
 garbage-first heap   total 68608K, used 29474K [0x0000000080000000, 0x0000000100000000)
  region size 1024K, 1 young (1024K), 1 survivors (1024K)
 Metaspace       used 42544K, committed 42880K, reserved 1089536K
  class space    used 5567K, committed 5696K, reserved 1048576K
}
Event: 6.268 GC heap before
{Heap before GC invocations=14 (full 0):
 garbage-first heap   total 68608K, used 52002K [0x0000000080000000, 0x0000000100000000)
  region size 1024K, 23 young (23552K), 1 survivors (1024K)
 Metaspace       used 45116K, committed 45568K, reserved 1089536K
  class space    used 5983K, committed 6208K, reserved 1048576K
}
Event: 6.272 GC heap after
{Heap after GC invocations=15 (full 0):
 garbage-first heap   total 68608K, used 31164K [0x0000000080000000, 0x0000000100000000)
  region size 1024K, 3 young (3072K), 3 survivors (3072K)
 Metaspace       used 45116K, committed 45568K, reserved 1089536K
  class space    used 5983K, committed 6208K, reserved 1048576K
}
Event: 6.564 GC heap before
{Heap before GC invocations=15 (full 0):
 garbage-first heap   total 68608K, used 52668K [0x0000000080000000, 0x0000000100000000)
  region size 1024K, 24 young (24576K), 3 survivors (3072K)
 Metaspace       used 48382K, committed 48832K, reserved 1097728K
  class space    used 6395K, committed 6592K, reserved 1048576K
}
Event: 6.569 GC heap after
{Heap after GC invocations=16 (full 0):
 garbage-first heap   total 150528K, used 32134K [0x0000000080000000, 0x0000000100000000)
  region size 1024K, 1 young (1024K), 1 survivors (1024K)
 Metaspace       used 48382K, committed 48832K, reserved 1097728K
  class space    used 6395K, committed 6592K, reserved 1048576K
}
Event: 8.078 GC heap before
{Heap before GC invocations=16 (full 0):
 garbage-first heap   total 150528K, used 110982K [0x0000000080000000, 0x0000000100000000)
  region size 1024K, 75 young (76800K), 1 survivors (1024K)
 Metaspace       used 54113K, committed 54592K, reserved 1097728K
  class space    used 7157K, committed 7360K, reserved 1048576K
}
Event: 8.087 GC heap after
{Heap after GC invocations=17 (full 0):
 garbage-first heap   total 150528K, used 45463K [0x0000000080000000, 0x0000000100000000)
  region size 1024K, 10 young (10240K), 10 survivors (10240K)
 Metaspace       used 54113K, committed 54592K, reserved 1097728K
  class space    used 7157K, committed 7360K, reserved 1048576K
}
Event: 9.242 GC heap before
{Heap before GC invocations=17 (full 0):
 garbage-first heap   total 150528K, used 117143K [0x0000000080000000, 0x0000000100000000)
  region size 1024K, 74 young (75776K), 10 survivors (10240K)
 Metaspace       used 64091K, committed 64576K, reserved 1105920K
  class space    used 8400K, committed 8640K, reserved 1048576K
}
Event: 9.253 GC heap after
{Heap after GC invocations=18 (full 0):
 garbage-first heap   total 150528K, used 56859K [0x0000000080000000, 0x0000000100000000)
  region size 1024K, 7 young (7168K), 7 survivors (7168K)
 Metaspace       used 64091K, committed 64576K, reserved 1105920K
  class space    used 8400K, committed 8640K, reserved 1048576K
}
Event: 9.781 GC heap before
{Heap before GC invocations=18 (full 0):
 garbage-first heap   total 150528K, used 88603K [0x0000000080000000, 0x0000000100000000)
  region size 1024K, 39 young (39936K), 7 survivors (7168K)
 Metaspace       used 67362K, committed 67840K, reserved 1114112K
  class space    used 8812K, committed 9024K, reserved 1048576K
}
Event: 9.789 GC heap after
{Heap after GC invocations=19 (full 0):
 garbage-first heap   total 150528K, used 53360K [0x0000000080000000, 0x0000000100000000)
  region size 1024K, 3 young (3072K), 3 survivors (3072K)
 Metaspace       used 67362K, committed 67840K, reserved 1114112K
  class space    used 8812K, committed 9024K, reserved 1048576K
}
Event: 10.638 GC heap before
{Heap before GC invocations=20 (full 0):
 garbage-first heap   total 150528K, used 112752K [0x0000000080000000, 0x0000000100000000)
  region size 1024K, 61 young (62464K), 3 survivors (3072K)
 Metaspace       used 70059K, committed 70592K, reserved 1114112K
  class space    used 9199K, committed 9408K, reserved 1048576K
}
Event: 10.649 GC heap after
{Heap after GC invocations=21 (full 0):
 garbage-first heap   total 150528K, used 58170K [0x0000000080000000, 0x0000000100000000)
  region size 1024K, 8 young (8192K), 8 survivors (8192K)
 Metaspace       used 70059K, committed 70592K, reserved 1114112K
  class space    used 9199K, committed 9408K, reserved 1048576K
}
Event: 11.559 GC heap before
{Heap before GC invocations=21 (full 0):
 garbage-first heap   total 150528K, used 114490K [0x0000000080000000, 0x0000000100000000)
  region size 1024K, 63 young (64512K), 8 survivors (8192K)
 Metaspace       used 76507K, committed 76992K, reserved 1122304K
  class space    used 10285K, committed 10496K, reserved 1048576K
}
Event: 11.573 GC heap after
{Heap after GC invocations=22 (full 0):
 garbage-first heap   total 150528K, used 61963K [0x0000000080000000, 0x0000000100000000)
  region size 1024K, 4 young (4096K), 4 survivors (4096K)
 Metaspace       used 76507K, committed 76992K, reserved 1122304K
  class space    used 10285K, committed 10496K, reserved 1048576K
}

