# JRE version: OpenJDK Runtime Environment (17.0.6) (build 17.0.6+0-b2043.56-10027231)
# Java VM: OpenJDK 64-Bit Server VM (17.0.6+0-b2043.56-10027231, mixed mode, tiered, compressed oops, compressed class ptrs, g1 gc, windows-amd64)
GC Precious Log:
 CPUs: 4 total, 4 available
 Memory: 8072M
 Large Page Support: Disabled
 NUMA Support: Disabled
 Compressed Oops: Enabled (32-bit)
 Heap Region Size: 1M
 Heap Min Capacity: 8M
 Heap Initial Capacity: 128M
 Heap Max Capacity: 2G
 Pre-touch: Disabled
 Parallel Workers: 4
 Concurrent Workers: 1
 Concurrent Refinement Workers: 4
 Periodic GC: Disabled
Heap:
 garbage-first heap   total 147456K, used 85780K [0x0000000080000000, 0x0000000100000000)
  region size 1024K, 1 young (1024K), 1 survivors (1024K)
 Metaspace       used 87744K, committed 88448K, reserved 1130496K
  class space    used 11855K, committed 12160K, reserved 1048576K
GC Heap History (20 events):
Event: 8.193 GC heap after
{Heap after GC invocations=21 (full 0):
 garbage-first heap   total 116736K, used 60631K [0x0000000080000000, 0x0000000100000000)
  region size 1024K, 3 young (3072K), 3 survivors (3072K)
 Metaspace       used 67097K, committed 67648K, reserved 1114112K
  class space    used 8801K, committed 9024K, reserved 1048576K
}
Event: 8.418 GC heap before
{Heap before GC invocations=21 (full 0):
 garbage-first heap   total 116736K, used 93399K [0x0000000080000000, 0x0000000100000000)
  region size 1024K, 35 young (35840K), 3 survivors (3072K)
 Metaspace       used 68011K, committed 68480K, reserved 1114112K
  class space    used 8932K, committed 9152K, reserved 1048576K
}
Event: 8.425 GC heap after
{Heap after GC invocations=22 (full 0):
 garbage-first heap   total 116736K, used 63916K [0x0000000080000000, 0x0000000100000000)
  region size 1024K, 5 young (5120K), 5 survivors (5120K)
 Metaspace       used 68011K, committed 68480K, reserved 1114112K
  class space    used 8932K, committed 9152K, reserved 1048576K
}
Event: 8.699 GC heap before
{Heap before GC invocations=23 (full 0):
 garbage-first heap   total 117760K, used 90540K [0x0000000080000000, 0x0000000100000000)
  region size 1024K, 34 young (34816K), 5 survivors (5120K)
 Metaspace       used 70281K, committed 70848K, reserved 1114112K
  class space    used 9240K, committed 9472K, reserved 1048576K
}
Event: 8.707 GC heap after
{Heap after GC invocations=24 (full 0):
 garbage-first heap   total 117760K, used 62297K [0x0000000080000000, 0x0000000100000000)
  region size 1024K, 3 young (3072K), 3 survivors (3072K)
 Metaspace       used 70281K, committed 70848K, reserved 1114112K
  class space    used 9240K, committed 9472K, reserved 1048576K
}
Event: 8.730 GC heap before
{Heap before GC invocations=24 (full 0):
 garbage-first heap   total 117760K, used 64345K [0x0000000080000000, 0x0000000100000000)
  region size 1024K, 5 young (5120K), 3 survivors (3072K)
 Metaspace       used 70470K, committed 70976K, reserved 1114112K
  class space    used 9261K, committed 9472K, reserved 1048576K
}
Event: 8.733 GC heap after
{Heap after GC invocations=25 (full 0):
 garbage-first heap   total 141312K, used 62046K [0x0000000080000000, 0x0000000100000000)
  region size 1024K, 1 young (1024K), 1 survivors (1024K)
 Metaspace       used 70470K, committed 70976K, reserved 1114112K
  class space    used 9261K, committed 9472K, reserved 1048576K
}
Event: 9.477 GC heap before
{Heap before GC invocations=25 (full 0):
 garbage-first heap   total 141312K, used 113246K [0x0000000080000000, 0x0000000100000000)
  region size 1024K, 51 young (52224K), 1 survivors (1024K)
 Metaspace       used 76399K, committed 76928K, reserved 1122304K
  class space    used 10272K, committed 10496K, reserved 1048576K
}
Event: 9.483 GC heap after
{Heap after GC invocations=26 (full 0):
 garbage-first heap   total 141312K, used 64932K [0x0000000080000000, 0x0000000100000000)
  region size 1024K, 4 young (4096K), 4 survivors (4096K)
 Metaspace       used 76399K, committed 76928K, reserved 1122304K
  class space    used 10272K, committed 10496K, reserved 1048576K
}
Event: 10.134 GC heap before
{Heap before GC invocations=26 (full 0):
 garbage-first heap   total 141312K, used 114084K [0x0000000080000000, 0x0000000100000000)
  region size 1024K, 52 young (53248K), 4 survivors (4096K)
 Metaspace       used 82277K, committed 82880K, reserved 1122304K
  class space    used 11127K, committed 11392K, reserved 1048576K
}
Event: 10.144 GC heap after
{Heap after GC invocations=27 (full 0):
 garbage-first heap   total 141312K, used 68469K [0x0000000080000000, 0x0000000100000000)
  region size 1024K, 7 young (7168K), 7 survivors (7168K)
 Metaspace       used 82277K, committed 82880K, reserved 1122304K
  class space    used 11127K, committed 11392K, reserved 1048576K
}
Event: 10.541 GC heap before
{Heap before GC invocations=28 (full 0):
 garbage-first heap   total 141312K, used 115573K [0x0000000080000000, 0x0000000100000000)
  region size 1024K, 53 young (54272K), 7 survivors (7168K)
 Metaspace       used 83586K, committed 84224K, reserved 1122304K
  class space    used 11306K, committed 11584K, reserved 1048576K
}
Event: 10.557 GC heap after
{Heap after GC invocations=29 (full 0):
 garbage-first heap   total 141312K, used 74368K [0x0000000080000000, 0x0000000100000000)
  region size 1024K, 7 young (7168K), 7 survivors (7168K)
 Metaspace       used 83586K, committed 84224K, reserved 1122304K
  class space    used 11306K, committed 11584K, reserved 1048576K
}
Event: 10.563 GC heap before
{Heap before GC invocations=29 (full 0):
 garbage-first heap   total 141312K, used 75392K [0x0000000080000000, 0x0000000100000000)
  region size 1024K, 8 young (8192K), 7 survivors (7168K)
 Metaspace       used 83586K, committed 84224K, reserved 1122304K
  class space    used 11306K, committed 11584K, reserved 1048576K
}
Event: 10.570 GC heap after
{Heap after GC invocations=30 (full 0):
 garbage-first heap   total 141312K, used 74941K [0x0000000080000000, 0x0000000100000000)
  region size 1024K, 1 young (1024K), 1 survivors (1024K)
 Metaspace       used 83586K, committed 84224K, reserved 1122304K
  class space    used 11306K, committed 11584K, reserved 1048576K
}
Event: 10.750 GC heap before
{Heap before GC invocations=30 (full 0):
 garbage-first heap   total 141312K, used 98493K [0x0000000080000000, 0x0000000100000000)
  region size 1024K, 26 young (26624K), 1 survivors (1024K)
 Metaspace       used 84560K, committed 85184K, reserved 1122304K
  class space    used 11391K, committed 11712K, reserved 1048576K
}
Event: 10.755 GC heap after
{Heap after GC invocations=31 (full 0):
 garbage-first heap   total 141312K, used 80180K [0x0000000080000000, 0x0000000100000000)
  region size 1024K, 5 young (5120K), 5 survivors (5120K)
 Metaspace       used 84560K, committed 85184K, reserved 1122304K
  class space    used 11391K, committed 11712K, reserved 1048576K
}
Event: 11.513 GC heap before
{Heap before GC invocations=32 (full 0):
 garbage-first heap   total 147456K, used 113972K [0x0000000080000000, 0x0000000100000000)
  region size 1024K, 37 young (37888K), 5 survivors (5120K)
 Metaspace       used 87727K, committed 88384K, reserved 1130496K
  class space    used 11855K, committed 12160K, reserved 1048576K
}
Event: 11.524 GC heap after
{Heap after GC invocations=33 (full 0):
 garbage-first heap   total 147456K, used 85018K [0x0000000080000000, 0x0000000100000000)
  region size 1024K, 5 young (5120K), 5 survivors (5120K)
 Metaspace       used 87727K, committed 88384K, reserved 1130496K
  class space    used 11855K, committed 12160K, reserved 1048576K
}
Event: 11.550 GC heap before
{Heap before GC invocations=33 (full 0):
 garbage-first heap   total 147456K, used 86042K [0x0000000080000000, 0x0000000100000000)
  region size 1024K, 7 young (7168K), 5 survivors (5120K)
 Metaspace       used 87744K, committed 88448K, reserved 1130496K
  class space    used 11855K, committed 12160K, reserved 1048576K
}

