# JRE version: OpenJDK Runtime Environment (17.0.6) (build 17.0.6+0-b2043.56-10027231)
# Java VM: OpenJDK 64-Bit Server VM (17.0.6+0-b2043.56-10027231, mixed mode, tiered, compressed oops, compressed class ptrs, g1 gc, windows-amd64)
GC Precious Log:
 CPUs: 4 total, 4 available
 Memory: 8072M
 Large Page Support: Disabled
 NUMA Support: Disabled
 Compressed Oops: Enabled (32-bit)
 Heap Region Size: 1M
 Heap Min Capacity: 8M
 Heap Initial Capacity: 128M
 Heap Max Capacity: 2G
 Pre-touch: Disabled
 Parallel Workers: 4
 Concurrent Workers: 1
 Concurrent Refinement Workers: 4
 Periodic GC: Disabled
Heap:
 garbage-first heap   total 323584K, used 269389K [0x0000000080000000, 0x0000000100000000)
  region size 1024K, 95 young (97280K), 12 survivors (12288K)
 Metaspace       used 117858K, committed 118592K, reserved 1155072K
  class space    used 15641K, committed 16000K, reserved 1048576K
GC Heap History (20 events):
Event: 13.232 GC heap before
{Heap before GC invocations=20 (full 0):
 garbage-first heap   total 190464K, used 147982K [0x0000000080000000, 0x0000000100000000)
  region size 1024K, 85 young (87040K), 8 survivors (8192K)
 Metaspace       used 87574K, committed 88192K, reserved 1130496K
  class space    used 11797K, committed 12096K, reserved 1048576K
}
Event: 13.259 GC heap after
{Heap after GC invocations=21 (full 0):
 garbage-first heap   total 190464K, used 81352K [0x0000000080000000, 0x0000000100000000)
  region size 1024K, 11 young (11264K), 11 survivors (11264K)
 Metaspace       used 87574K, committed 88192K, reserved 1130496K
  class space    used 11797K, committed 12096K, reserved 1048576K
}
Event: 14.714 GC heap before
{Heap before GC invocations=21 (full 0):
 garbage-first heap   total 190464K, used 146888K [0x0000000080000000, 0x0000000100000000)
  region size 1024K, 76 young (77824K), 11 survivors (11264K)
 Metaspace       used 88125K, committed 88704K, reserved 1130496K
  class space    used 11860K, committed 12160K, reserved 1048576K
}
Event: 14.742 GC heap after
{Heap after GC invocations=22 (full 0):
 garbage-first heap   total 190464K, used 89086K [0x0000000080000000, 0x0000000100000000)
  region size 1024K, 7 young (7168K), 7 survivors (7168K)
 Metaspace       used 88125K, committed 88704K, reserved 1130496K
  class space    used 11860K, committed 12160K, reserved 1048576K
}
Event: 17.154 GC heap before
{Heap before GC invocations=22 (full 0):
 garbage-first heap   total 190464K, used 151550K [0x0000000080000000, 0x0000000100000000)
  region size 1024K, 67 young (68608K), 7 survivors (7168K)
 Metaspace       used 91873K, committed 92480K, reserved 1130496K
  class space    used 12327K, committed 12608K, reserved 1048576K
}
Event: 17.180 GC heap after
{Heap after GC invocations=23 (full 0):
 garbage-first heap   total 190464K, used 108535K [0x0000000080000000, 0x0000000100000000)
  region size 1024K, 9 young (9216K), 9 survivors (9216K)
 Metaspace       used 91873K, committed 92480K, reserved 1130496K
  class space    used 12327K, committed 12608K, reserved 1048576K
}
Event: 17.193 GC heap before
{Heap before GC invocations=23 (full 0):
 garbage-first heap   total 190464K, used 108535K [0x0000000080000000, 0x0000000100000000)
  region size 1024K, 11 young (11264K), 9 survivors (9216K)
 Metaspace       used 91874K, committed 92480K, reserved 1130496K
  class space    used 12327K, committed 12608K, reserved 1048576K
}
Event: 17.207 GC heap after
{Heap after GC invocations=24 (full 0):
 garbage-first heap   total 190464K, used 110080K [0x0000000080000000, 0x0000000100000000)
  region size 1024K, 1 young (1024K), 1 survivors (1024K)
 Metaspace       used 91874K, committed 92480K, reserved 1130496K
  class space    used 12327K, committed 12608K, reserved 1048576K
}
Event: 17.906 GC heap before
{Heap before GC invocations=25 (full 0):
 garbage-first heap   total 217088K, used 157184K [0x0000000080000000, 0x0000000100000000)
  region size 1024K, 39 young (39936K), 1 survivors (1024K)
 Metaspace       used 94035K, committed 94656K, reserved 1130496K
  class space    used 12610K, committed 12928K, reserved 1048576K
}
Event: 17.915 GC heap after
{Heap after GC invocations=26 (full 0):
 garbage-first heap   total 217088K, used 117760K [0x0000000080000000, 0x0000000100000000)
  region size 1024K, 5 young (5120K), 5 survivors (5120K)
 Metaspace       used 94035K, committed 94656K, reserved 1130496K
  class space    used 12610K, committed 12928K, reserved 1048576K
}
Event: 17.964 GC heap before
{Heap before GC invocations=26 (full 0):
 garbage-first heap   total 217088K, used 125952K [0x0000000080000000, 0x0000000100000000)
  region size 1024K, 10 young (10240K), 5 survivors (5120K)
 Metaspace       used 94043K, committed 94720K, reserved 1130496K
  class space    used 12610K, committed 12928K, reserved 1048576K
}
Event: 17.973 GC heap after
{Heap after GC invocations=27 (full 0):
 garbage-first heap   total 217088K, used 121999K [0x0000000080000000, 0x0000000100000000)
  region size 1024K, 2 young (2048K), 2 survivors (2048K)
 Metaspace       used 94043K, committed 94720K, reserved 1130496K
  class space    used 12610K, committed 12928K, reserved 1048576K
}
Event: 17.982 GC heap before
{Heap before GC invocations=27 (full 0):
 garbage-first heap   total 217088K, used 121999K [0x0000000080000000, 0x0000000100000000)
  region size 1024K, 3 young (3072K), 2 survivors (2048K)
 Metaspace       used 94043K, committed 94720K, reserved 1130496K
  class space    used 12610K, committed 12928K, reserved 1048576K
}
Event: 17.986 GC heap after
{Heap after GC invocations=28 (full 0):
 garbage-first heap   total 323584K, used 122393K [0x0000000080000000, 0x0000000100000000)
  region size 1024K, 3 young (3072K), 3 survivors (3072K)
 Metaspace       used 94043K, committed 94720K, reserved 1130496K
  class space    used 12610K, committed 12928K, reserved 1048576K
}
Event: 21.552 GC heap before
{Heap before GC invocations=28 (full 0):
 garbage-first heap   total 323584K, used 267801K [0x0000000080000000, 0x0000000100000000)
  region size 1024K, 132 young (135168K), 3 survivors (3072K)
 Metaspace       used 100982K, committed 101696K, reserved 1138688K
  class space    used 13277K, committed 13632K, reserved 1048576K
}
Event: 21.581 GC heap after
{Heap after GC invocations=29 (full 0):
 garbage-first heap   total 323584K, used 127228K [0x0000000080000000, 0x0000000100000000)
  region size 1024K, 10 young (10240K), 10 survivors (10240K)
 Metaspace       used 100982K, committed 101696K, reserved 1138688K
  class space    used 13277K, committed 13632K, reserved 1048576K
}
Event: 24.868 GC heap before
{Heap before GC invocations=29 (full 0):
 garbage-first heap   total 323584K, used 260348K [0x0000000080000000, 0x0000000100000000)
  region size 1024K, 141 young (144384K), 10 survivors (10240K)
 Metaspace       used 112037K, committed 112704K, reserved 1146880K
  class space    used 14718K, committed 15040K, reserved 1048576K
}
Event: 24.939 GC heap after
{Heap after GC invocations=30 (full 0):
 garbage-first heap   total 323584K, used 137310K [0x0000000080000000, 0x0000000100000000)
  region size 1024K, 18 young (18432K), 18 survivors (18432K)
 Metaspace       used 112037K, committed 112704K, reserved 1146880K
  class space    used 14718K, committed 15040K, reserved 1048576K
}
Event: 26.245 GC heap before
{Heap before GC invocations=30 (full 0):
 garbage-first heap   total 323584K, used 226398K [0x0000000080000000, 0x0000000100000000)
  region size 1024K, 82 young (83968K), 18 survivors (18432K)
 Metaspace       used 115914K, committed 116608K, reserved 1155072K
  class space    used 15249K, committed 15552K, reserved 1048576K
}
Event: 26.339 GC heap after
{Heap after GC invocations=31 (full 0):
 garbage-first heap   total 323584K, used 166989K [0x0000000080000000, 0x0000000100000000)
  region size 1024K, 12 young (12288K), 12 survivors (12288K)
 Metaspace       used 115914K, committed 116608K, reserved 1155072K
  class space    used 15249K, committed 15552K, reserved 1048576K
}

