# JRE version: OpenJDK Runtime Environment (17.0.6) (build 17.0.6+0-b2043.56-10027231)
# Java VM: OpenJDK 64-Bit Server VM (17.0.6+0-b2043.56-10027231, mixed mode, tiered, compressed oops, compressed class ptrs, g1 gc, windows-amd64)
GC Precious Log:
 CPUs: 4 total, 4 available
 Memory: 8072M
 Large Page Support: Disabled
 NUMA Support: Disabled
 Compressed Oops: Enabled (32-bit)
 Heap Region Size: 1M
 Heap Min Capacity: 8M
 Heap Initial Capacity: 128M
 Heap Max Capacity: 2G
 Pre-touch: Disabled
 Parallel Workers: 4
 Concurrent Workers: 1
 Concurrent Refinement Workers: 4
 Periodic GC: Disabled
Heap:
 garbage-first heap   total 180224K, used 98947K [0x0000000080000000, 0x0000000100000000)
  region size 1024K, 6 young (6144K), 6 survivors (6144K)
 Metaspace       used 77885K, committed 78592K, reserved 1122304K
  class space    used 10503K, committed 10816K, reserved 1048576K
GC Heap History (20 events):
Event: 8.130 GC heap after
{Heap after GC invocations=20 (full 0):
 garbage-first heap   total 180224K, used 56546K [0x0000000080000000, 0x0000000100000000)
  region size 1024K, 2 young (2048K), 2 survivors (2048K)
 Metaspace       used 42185K, committed 42560K, reserved 1089536K
  class space    used 5621K, committed 5824K, reserved 1048576K
}
Event: 9.197 GC heap before
{Heap before GC invocations=20 (full 0):
 garbage-first heap   total 180224K, used 126178K [0x0000000080000000, 0x0000000100000000)
  region size 1024K, 60 young (61440K), 2 survivors (2048K)
 Metaspace       used 49223K, committed 49792K, reserved 1097728K
  class space    used 6430K, committed 6656K, reserved 1048576K
}
Event: 9.211 GC heap after
{Heap after GC invocations=21 (full 0):
 garbage-first heap   total 180224K, used 69485K [0x0000000080000000, 0x0000000100000000)
  region size 1024K, 8 young (8192K), 8 survivors (8192K)
 Metaspace       used 49223K, committed 49792K, reserved 1097728K
  class space    used 6430K, committed 6656K, reserved 1048576K
}
Event: 10.580 GC heap before
{Heap before GC invocations=21 (full 0):
 garbage-first heap   total 180224K, used 130925K [0x0000000080000000, 0x0000000100000000)
  region size 1024K, 68 young (69632K), 8 survivors (8192K)
 Metaspace       used 54501K, committed 55104K, reserved 1097728K
  class space    used 7264K, committed 7552K, reserved 1048576K
}
Event: 10.596 GC heap after
{Heap after GC invocations=22 (full 0):
 garbage-first heap   total 180224K, used 74752K [0x0000000080000000, 0x0000000100000000)
  region size 1024K, 6 young (6144K), 6 survivors (6144K)
 Metaspace       used 54501K, committed 55104K, reserved 1097728K
  class space    used 7264K, committed 7552K, reserved 1048576K
}
Event: 10.906 GC heap before
{Heap before GC invocations=22 (full 0):
 garbage-first heap   total 180224K, used 93184K [0x0000000080000000, 0x0000000100000000)
  region size 1024K, 26 young (26624K), 6 survivors (6144K)
 Metaspace       used 54766K, committed 55424K, reserved 1097728K
  class space    used 7276K, committed 7552K, reserved 1048576K
}
Event: 10.914 GC heap after
{Heap after GC invocations=23 (full 0):
 garbage-first heap   total 180224K, used 78058K [0x0000000080000000, 0x0000000100000000)
  region size 1024K, 4 young (4096K), 4 survivors (4096K)
 Metaspace       used 54766K, committed 55424K, reserved 1097728K
  class space    used 7276K, committed 7552K, reserved 1048576K
}
Event: 11.115 GC heap before
{Heap before GC invocations=24 (full 0):
 garbage-first heap   total 180224K, used 87274K [0x0000000080000000, 0x0000000100000000)
  region size 1024K, 11 young (11264K), 4 survivors (4096K)
 Metaspace       used 55111K, committed 55744K, reserved 1097728K
  class space    used 7334K, committed 7616K, reserved 1048576K
}
Event: 11.118 GC heap after
{Heap after GC invocations=25 (full 0):
 garbage-first heap   total 180224K, used 84143K [0x0000000080000000, 0x0000000100000000)
  region size 1024K, 7 young (7168K), 7 survivors (7168K)
 Metaspace       used 55111K, committed 55744K, reserved 1097728K
  class space    used 7334K, committed 7616K, reserved 1048576K
}
Event: 11.810 GC heap before
{Heap before GC invocations=26 (full 0):
 garbage-first heap   total 180224K, used 127151K [0x0000000080000000, 0x0000000100000000)
  region size 1024K, 48 young (49152K), 7 survivors (7168K)
 Metaspace       used 61222K, committed 61824K, reserved 1105920K
  class space    used 8087K, committed 8320K, reserved 1048576K
}
Event: 11.815 GC heap after
{Heap after GC invocations=27 (full 0):
 garbage-first heap   total 180224K, used 86309K [0x0000000080000000, 0x0000000100000000)
  region size 1024K, 4 young (4096K), 4 survivors (4096K)
 Metaspace       used 61222K, committed 61824K, reserved 1105920K
  class space    used 8087K, committed 8320K, reserved 1048576K
}
Event: 11.875 GC heap before
{Heap before GC invocations=27 (full 0):
 garbage-first heap   total 180224K, used 90405K [0x0000000080000000, 0x0000000100000000)
  region size 1024K, 8 young (8192K), 4 survivors (4096K)
 Metaspace       used 61867K, committed 62464K, reserved 1105920K
  class space    used 8154K, committed 8384K, reserved 1048576K
}
Event: 11.879 GC heap after
{Heap after GC invocations=28 (full 0):
 garbage-first heap   total 180224K, used 86236K [0x0000000080000000, 0x0000000100000000)
  region size 1024K, 1 young (1024K), 1 survivors (1024K)
 Metaspace       used 61867K, committed 62464K, reserved 1105920K
  class space    used 8154K, committed 8384K, reserved 1048576K
}
Event: 12.571 GC heap before
{Heap before GC invocations=28 (full 0):
 garbage-first heap   total 180224K, used 135388K [0x0000000080000000, 0x0000000100000000)
  region size 1024K, 43 young (44032K), 1 survivors (1024K)
 Metaspace       used 67394K, committed 68032K, reserved 1114112K
  class space    used 8903K, committed 9216K, reserved 1048576K
}
Event: 12.575 GC heap after
{Heap after GC invocations=29 (full 0):
 garbage-first heap   total 180224K, used 90084K [0x0000000080000000, 0x0000000100000000)
  region size 1024K, 5 young (5120K), 5 survivors (5120K)
 Metaspace       used 67394K, committed 68032K, reserved 1114112K
  class space    used 8903K, committed 9216K, reserved 1048576K
}
Event: 13.112 GC heap before
{Heap before GC invocations=29 (full 0):
 garbage-first heap   total 180224K, used 133092K [0x0000000080000000, 0x0000000100000000)
  region size 1024K, 47 young (48128K), 5 survivors (5120K)
 Metaspace       used 70602K, committed 71232K, reserved 1114112K
  class space    used 9323K, committed 9600K, reserved 1048576K
}
Event: 13.120 GC heap after
{Heap after GC invocations=30 (full 0):
 garbage-first heap   total 180224K, used 93649K [0x0000000080000000, 0x0000000100000000)
  region size 1024K, 4 young (4096K), 4 survivors (4096K)
 Metaspace       used 70602K, committed 71232K, reserved 1114112K
  class space    used 9323K, committed 9600K, reserved 1048576K
}
Event: 13.512 GC heap before
{Heap before GC invocations=30 (full 0):
 garbage-first heap   total 180224K, used 137681K [0x0000000080000000, 0x0000000100000000)
  region size 1024K, 47 young (48128K), 4 survivors (4096K)
 Metaspace       used 72955K, committed 73600K, reserved 1114112K
  class space    used 9636K, committed 9920K, reserved 1048576K
}
Event: 13.518 GC heap after
{Heap after GC invocations=31 (full 0):
 garbage-first heap   total 180224K, used 97627K [0x0000000080000000, 0x0000000100000000)
  region size 1024K, 3 young (3072K), 3 survivors (3072K)
 Metaspace       used 72955K, committed 73600K, reserved 1114112K
  class space    used 9636K, committed 9920K, reserved 1048576K
}
Event: 14.279 GC heap before
{Heap before GC invocations=31 (full 0):
 garbage-first heap   total 180224K, used 140635K [0x0000000080000000, 0x0000000100000000)
  region size 1024K, 45 young (46080K), 3 survivors (3072K)
 Metaspace       used 77885K, committed 78592K, reserved 1122304K
  class space    used 10503K, committed 10816K, reserved 1048576K
}

