# JRE version: OpenJDK Runtime Environment (17.0.6) (build 17.0.6+0-b2043.56-10027231)
# Java VM: OpenJDK 64-Bit Server VM (17.0.6+0-b2043.56-10027231, mixed mode, tiered, compressed oops, compressed class ptrs, g1 gc, windows-amd64)
GC Precious Log:
 CPUs: 4 total, 4 available
 Memory: 8072M
 Large Page Support: Disabled
 NUMA Support: Disabled
 Compressed Oops: Enabled (32-bit)
 Heap Region Size: 1M
 Heap Min Capacity: 8M
 Heap Initial Capacity: 128M
 Heap Max Capacity: 2G
 Pre-touch: Disabled
 Parallel Workers: 4
 Concurrent Workers: 1
 Concurrent Refinement Workers: 4
 Periodic GC: Disabled
Heap:
 garbage-first heap   total 242688K, used 126040K [0x0000000080000000, 0x0000000100000000)
  region size 1024K, 7 young (7168K), 7 survivors (7168K)
 Metaspace       used 100282K, committed 100992K, reserved 1138688K
  class space    used 13178K, committed 13504K, reserved 1048576K
GC Heap History (20 events):
Event: 8.268 GC heap after
{Heap after GC invocations=22 (full 0):
 garbage-first heap   total 95232K, used 49952K [0x0000000080000000, 0x0000000100000000)
  region size 1024K, 3 young (3072K), 3 survivors (3072K)
 Metaspace       used 61900K, committed 62400K, reserved 1105920K
  class space    used 8144K, committed 8384K, reserved 1048576K
}
Event: 8.278 GC heap before
{Heap before GC invocations=22 (full 0):
 garbage-first heap   total 95232K, used 50976K [0x0000000080000000, 0x0000000100000000)
  region size 1024K, 4 young (4096K), 3 survivors (3072K)
 Metaspace       used 61978K, committed 62464K, reserved 1105920K
  class space    used 8161K, committed 8384K, reserved 1048576K
}
Event: 8.284 GC heap after
{Heap after GC invocations=23 (full 0):
 garbage-first heap   total 95232K, used 49490K [0x0000000080000000, 0x0000000100000000)
  region size 1024K, 1 young (1024K), 1 survivors (1024K)
 Metaspace       used 61978K, committed 62464K, reserved 1105920K
  class space    used 8161K, committed 8384K, reserved 1048576K
}
Event: 8.465 GC heap before
{Heap before GC invocations=23 (full 0):
 garbage-first heap   total 95232K, used 56658K [0x0000000080000000, 0x0000000100000000)
  region size 1024K, 10 young (10240K), 1 survivors (1024K)
 Metaspace       used 63898K, committed 64448K, reserved 1105920K
  class space    used 8394K, committed 8640K, reserved 1048576K
}
Event: 8.467 GC heap after
{Heap after GC invocations=24 (full 0):
 garbage-first heap   total 95232K, used 50707K [0x0000000080000000, 0x0000000100000000)
  region size 1024K, 2 young (2048K), 2 survivors (2048K)
 Metaspace       used 63898K, committed 64448K, reserved 1105920K
  class space    used 8394K, committed 8640K, reserved 1048576K
}
Event: 8.795 GC heap before
{Heap before GC invocations=25 (full 0):
 garbage-first heap   total 117760K, used 80403K [0x0000000080000000, 0x0000000100000000)
  region size 1024K, 25 young (25600K), 2 survivors (2048K)
 Metaspace       used 65314K, committed 65856K, reserved 1114112K
  class space    used 8578K, committed 8832K, reserved 1048576K
}
Event: 8.801 GC heap after
{Heap after GC invocations=26 (full 0):
 garbage-first heap   total 117760K, used 52993K [0x0000000080000000, 0x0000000100000000)
  region size 1024K, 4 young (4096K), 4 survivors (4096K)
 Metaspace       used 65314K, committed 65856K, reserved 1114112K
  class space    used 8578K, committed 8832K, reserved 1048576K
}
Event: 8.816 GC heap before
{Heap before GC invocations=26 (full 0):
 garbage-first heap   total 117760K, used 54017K [0x0000000080000000, 0x0000000100000000)
  region size 1024K, 5 young (5120K), 4 survivors (4096K)
 Metaspace       used 65412K, committed 65984K, reserved 1114112K
  class space    used 8593K, committed 8832K, reserved 1048576K
}
Event: 8.822 GC heap after
{Heap after GC invocations=27 (full 0):
 garbage-first heap   total 242688K, used 53000K [0x0000000080000000, 0x0000000100000000)
  region size 1024K, 1 young (1024K), 1 survivors (1024K)
 Metaspace       used 65412K, committed 65984K, reserved 1114112K
  class space    used 8593K, committed 8832K, reserved 1048576K
}
Event: 9.876 GC heap before
{Heap before GC invocations=27 (full 0):
 garbage-first heap   total 242688K, used 150280K [0x0000000080000000, 0x0000000100000000)
  region size 1024K, 95 young (97280K), 1 survivors (1024K)
 Metaspace       used 72083K, committed 72576K, reserved 1114112K
  class space    used 9576K, committed 9792K, reserved 1048576K
}
Event: 9.884 GC heap after
{Heap after GC invocations=28 (full 0):
 garbage-first heap   total 242688K, used 59516K [0x0000000080000000, 0x0000000100000000)
  region size 1024K, 7 young (7168K), 7 survivors (7168K)
 Metaspace       used 72083K, committed 72576K, reserved 1114112K
  class space    used 9576K, committed 9792K, reserved 1048576K
}
Event: 22.472 GC heap before
{Heap before GC invocations=28 (full 0):
 garbage-first heap   total 242688K, used 170108K [0x0000000080000000, 0x0000000100000000)
  region size 1024K, 115 young (117760K), 7 survivors (7168K)
 Metaspace       used 84064K, committed 84736K, reserved 1122304K
  class space    used 11072K, committed 11392K, reserved 1048576K
}
Event: 22.496 GC heap after
{Heap after GC invocations=29 (full 0):
 garbage-first heap   total 242688K, used 68881K [0x0000000080000000, 0x0000000100000000)
  region size 1024K, 15 young (15360K), 15 survivors (15360K)
 Metaspace       used 84064K, committed 84736K, reserved 1122304K
  class space    used 11072K, committed 11392K, reserved 1048576K
}
Event: 24.156 GC heap before
{Heap before GC invocations=29 (full 0):
 garbage-first heap   total 242688K, used 176401K [0x0000000080000000, 0x0000000100000000)
  region size 1024K, 121 young (123904K), 15 survivors (15360K)
 Metaspace       used 91541K, committed 92160K, reserved 1130496K
  class space    used 12103K, committed 12416K, reserved 1048576K
}
Event: 24.224 GC heap after
{Heap after GC invocations=30 (full 0):
 garbage-first heap   total 242688K, used 79162K [0x0000000080000000, 0x0000000100000000)
  region size 1024K, 11 young (11264K), 11 survivors (11264K)
 Metaspace       used 91541K, committed 92160K, reserved 1130496K
  class space    used 12103K, committed 12416K, reserved 1048576K
}
Event: 25.620 GC heap before
{Heap before GC invocations=30 (full 0):
 garbage-first heap   total 242688K, used 181562K [0x0000000080000000, 0x0000000100000000)
  region size 1024K, 112 young (114688K), 11 survivors (11264K)
 Metaspace       used 93474K, committed 94208K, reserved 1138688K
  class space    used 12391K, committed 12736K, reserved 1048576K
}
Event: 25.648 GC heap after
{Heap after GC invocations=31 (full 0):
 garbage-first heap   total 242688K, used 91648K [0x0000000080000000, 0x0000000100000000)
  region size 1024K, 13 young (13312K), 13 survivors (13312K)
 Metaspace       used 93474K, committed 94208K, reserved 1138688K
  class space    used 12391K, committed 12736K, reserved 1048576K
}
Event: 27.456 GC heap before
{Heap before GC invocations=31 (full 0):
 garbage-first heap   total 242688K, used 195072K [0x0000000080000000, 0x0000000100000000)
  region size 1024K, 106 young (108544K), 13 survivors (13312K)
 Metaspace       used 97490K, committed 98176K, reserved 1138688K
  class space    used 12830K, committed 13120K, reserved 1048576K
}
Event: 27.523 GC heap after
{Heap after GC invocations=32 (full 0):
 garbage-first heap   total 242688K, used 118738K [0x0000000080000000, 0x0000000100000000)
  region size 1024K, 14 young (14336K), 14 survivors (14336K)
 Metaspace       used 97490K, committed 98176K, reserved 1138688K
  class space    used 12830K, committed 13120K, reserved 1048576K
}
Event: 29.406 GC heap before
{Heap before GC invocations=32 (full 0):
 garbage-first heap   total 242688K, used 205778K [0x0000000080000000, 0x0000000100000000)
  region size 1024K, 75 young (76800K), 14 survivors (14336K)
 Metaspace       used 100282K, committed 100992K, reserved 1138688K
  class space    used 13178K, committed 13504K, reserved 1048576K
}

