# JRE version: OpenJDK Runtime Environment (17.0.6) (build 17.0.6+0-b2043.56-10027231)
# Java VM: OpenJDK 64-Bit Server VM (17.0.6+0-b2043.56-10027231, mixed mode, tiered, compressed oops, compressed class ptrs, g1 gc, windows-amd64)
GC Precious Log:
 CPUs: 4 total, 4 available
 Memory: 8072M
 Large Page Support: Disabled
 NUMA Support: Disabled
 Compressed Oops: Enabled (32-bit)
 Heap Region Size: 1M
 Heap Min Capacity: 8M
 Heap Initial Capacity: 128M
 Heap Max Capacity: 256M
 Pre-touch: Disabled
 Parallel Workers: 4
 Concurrent Workers: 1
 Concurrent Refinement Workers: 4
 Periodic GC: Disabled
Heap:
 garbage-first heap   total 183296K, used 112427K [0x00000000f0000000, 0x0000000100000000)
  region size 1024K, 22 young (22528K), 1 survivors (1024K)
 Metaspace       used 70336K, committed 70976K, reserved 1114112K
  class space    used 9289K, committed 9600K, reserved 1048576K
GC Heap History (20 events):
Event: 6.824 GC heap before
{Heap before GC invocations=28 (full 0):
 garbage-first heap   total 128000K, used 91817K [0x00000000f0000000, 0x0000000100000000)
  region size 1024K, 23 young (23552K), 3 survivors (3072K)
 Metaspace       used 53798K, committed 54400K, reserved 1097728K
  class space    used 7206K, committed 7488K, reserved 1048576K
}
Event: 6.828 GC heap after
{Heap after GC invocations=29 (full 0):
 garbage-first heap   total 128000K, used 72604K [0x00000000f0000000, 0x0000000100000000)
  region size 1024K, 2 young (2048K), 2 survivors (2048K)
 Metaspace       used 53798K, committed 54400K, reserved 1097728K
  class space    used 7206K, committed 7488K, reserved 1048576K
}
Event: 7.361 GC heap before
{Heap before GC invocations=29 (full 0):
 garbage-first heap   total 128000K, used 98204K [0x00000000f0000000, 0x0000000100000000)
  region size 1024K, 28 young (28672K), 2 survivors (2048K)
 Metaspace       used 54649K, committed 55232K, reserved 1097728K
  class space    used 7269K, committed 7552K, reserved 1048576K
}
Event: 7.367 GC heap after
{Heap after GC invocations=30 (full 0):
 garbage-first heap   total 128000K, used 76691K [0x00000000f0000000, 0x0000000100000000)
  region size 1024K, 4 young (4096K), 4 survivors (4096K)
 Metaspace       used 54649K, committed 55232K, reserved 1097728K
  class space    used 7269K, committed 7552K, reserved 1048576K
}
Event: 7.455 GC heap before
{Heap before GC invocations=31 (full 0):
 garbage-first heap   total 138240K, used 81811K [0x00000000f0000000, 0x0000000100000000)
  region size 1024K, 8 young (8192K), 4 survivors (4096K)
 Metaspace       used 54745K, committed 55360K, reserved 1097728K
  class space    used 7284K, committed 7552K, reserved 1048576K
}
Event: 7.459 GC heap after
{Heap after GC invocations=32 (full 0):
 garbage-first heap   total 138240K, used 79738K [0x00000000f0000000, 0x0000000100000000)
  region size 1024K, 2 young (2048K), 2 survivors (2048K)
 Metaspace       used 54745K, committed 55360K, reserved 1097728K
  class space    used 7284K, committed 7552K, reserved 1048576K
}
Event: 7.600 GC heap before
{Heap before GC invocations=33 (full 0):
 garbage-first heap   total 138240K, used 84858K [0x00000000f0000000, 0x0000000100000000)
  region size 1024K, 8 young (8192K), 2 survivors (2048K)
 Metaspace       used 55042K, committed 55680K, reserved 1097728K
  class space    used 7336K, committed 7616K, reserved 1048576K
}
Event: 7.602 GC heap after
{Heap after GC invocations=34 (full 0):
 garbage-first heap   total 138240K, used 83690K [0x00000000f0000000, 0x0000000100000000)
  region size 1024K, 4 young (4096K), 4 survivors (4096K)
 Metaspace       used 55042K, committed 55680K, reserved 1097728K
  class space    used 7336K, committed 7616K, reserved 1048576K
}
Event: 7.982 GC heap before
{Heap before GC invocations=35 (full 0):
 garbage-first heap   total 145408K, used 106218K [0x00000000f0000000, 0x0000000100000000)
  region size 1024K, 25 young (25600K), 4 survivors (4096K)
 Metaspace       used 57601K, committed 58176K, reserved 1105920K
  class space    used 7690K, committed 7936K, reserved 1048576K
}
Event: 7.985 GC heap after
{Heap after GC invocations=36 (full 0):
 garbage-first heap   total 145408K, used 85455K [0x00000000f0000000, 0x0000000100000000)
  region size 1024K, 3 young (3072K), 3 survivors (3072K)
 Metaspace       used 57601K, committed 58176K, reserved 1105920K
  class space    used 7690K, committed 7936K, reserved 1048576K
}
Event: 8.357 GC heap before
{Heap before GC invocations=36 (full 0):
 garbage-first heap   total 145408K, used 109007K [0x00000000f0000000, 0x0000000100000000)
  region size 1024K, 26 young (26624K), 3 survivors (3072K)
 Metaspace       used 61698K, committed 62272K, reserved 1105920K
  class space    used 8137K, committed 8384K, reserved 1048576K
}
Event: 8.360 GC heap after
{Heap after GC invocations=37 (full 0):
 garbage-first heap   total 145408K, used 86839K [0x00000000f0000000, 0x0000000100000000)
  region size 1024K, 2 young (2048K), 2 survivors (2048K)
 Metaspace       used 61698K, committed 62272K, reserved 1105920K
  class space    used 8137K, committed 8384K, reserved 1048576K
}
Event: 8.966 GC heap before
{Heap before GC invocations=38 (full 0):
 garbage-first heap   total 153600K, used 110391K [0x00000000f0000000, 0x0000000100000000)
  region size 1024K, 26 young (26624K), 2 survivors (2048K)
 Metaspace       used 66410K, committed 67072K, reserved 1114112K
  class space    used 8773K, committed 9088K, reserved 1048576K
}
Event: 8.971 GC heap after
{Heap after GC invocations=39 (full 0):
 garbage-first heap   total 153600K, used 89022K [0x00000000f0000000, 0x0000000100000000)
  region size 1024K, 4 young (4096K), 4 survivors (4096K)
 Metaspace       used 66410K, committed 67072K, reserved 1114112K
  class space    used 8773K, committed 9088K, reserved 1048576K
}
Event: 8.996 GC heap before
{Heap before GC invocations=39 (full 0):
 garbage-first heap   total 153600K, used 90046K [0x00000000f0000000, 0x0000000100000000)
  region size 1024K, 6 young (6144K), 4 survivors (4096K)
 Metaspace       used 66465K, committed 67136K, reserved 1114112K
  class space    used 8779K, committed 9088K, reserved 1048576K
}
Event: 9.000 GC heap after
{Heap after GC invocations=40 (full 0):
 garbage-first heap   total 153600K, used 89287K [0x00000000f0000000, 0x0000000100000000)
  region size 1024K, 3 young (3072K), 3 survivors (3072K)
 Metaspace       used 66465K, committed 67136K, reserved 1114112K
  class space    used 8779K, committed 9088K, reserved 1048576K
}
Event: 9.239 GC heap before
{Heap before GC invocations=41 (full 0):
 garbage-first heap   total 183296K, used 121031K [0x00000000f0000000, 0x0000000100000000)
  region size 1024K, 28 young (28672K), 3 survivors (3072K)
 Metaspace       used 68044K, committed 68672K, reserved 1114112K
  class space    used 8994K, committed 9280K, reserved 1048576K
}
Event: 9.244 GC heap after
{Heap after GC invocations=42 (full 0):
 garbage-first heap   total 183296K, used 91868K [0x00000000f0000000, 0x0000000100000000)
  region size 1024K, 4 young (4096K), 4 survivors (4096K)
 Metaspace       used 68044K, committed 68672K, reserved 1114112K
  class space    used 8994K, committed 9280K, reserved 1048576K
}
Event: 9.286 GC heap before
{Heap before GC invocations=42 (full 0):
 garbage-first heap   total 183296K, used 95964K [0x00000000f0000000, 0x0000000100000000)
  region size 1024K, 8 young (8192K), 4 survivors (4096K)
 Metaspace       used 68347K, committed 69056K, reserved 1114112K
  class space    used 9035K, committed 9344K, reserved 1048576K
}
Event: 9.290 GC heap after
{Heap after GC invocations=43 (full 0):
 garbage-first heap   total 183296K, used 91947K [0x00000000f0000000, 0x0000000100000000)
  region size 1024K, 1 young (1024K), 1 survivors (1024K)
 Metaspace       used 68347K, committed 69056K, reserved 1114112K
  class space    used 9035K, committed 9344K, reserved 1048576K
}

