# JRE version: OpenJDK Runtime Environment (17.0.6) (build 17.0.6+0-b2043.56-10027231)
# Java VM: OpenJDK 64-Bit Server VM (17.0.6+0-b2043.56-10027231, mixed mode, tiered, compressed oops, compressed class ptrs, g1 gc, windows-amd64)
GC Precious Log:
 CPUs: 4 total, 4 available
 Memory: 8072M
 Large Page Support: Disabled
 NUMA Support: Disabled
 Compressed Oops: Enabled (32-bit)
 Heap Region Size: 1M
 Heap Min Capacity: 8M
 Heap Initial Capacity: 128M
 Heap Max Capacity: 2G
 Pre-touch: Disabled
 Parallel Workers: 4
 Concurrent Workers: 1
 Concurrent Refinement Workers: 4
 Periodic GC: Disabled
Heap:
 garbage-first heap   total 164864K, used 81851K [0x0000000080000000, 0x0000000100000000)
  region size 1024K, 13 young (13312K), 8 survivors (8192K)
 Metaspace       used 88993K, committed 89600K, reserved 1130496K
  class space    used 11997K, committed 12288K, reserved 1048576K
GC Heap History (20 events):
Event: 9.541 GC heap before
{Heap before GC invocations=25 (full 0):
 garbage-first heap   total 89088K, used 52874K [0x0000000080000000, 0x0000000100000000)
  region size 1024K, 4 young (4096K), 2 survivors (2048K)
 Metaspace       used 60047K, committed 60544K, reserved 1105920K
  class space    used 7890K, committed 8128K, reserved 1048576K
}
Event: 9.544 GC heap after
{Heap after GC invocations=26 (full 0):
 garbage-first heap   total 89088K, used 51075K [0x0000000080000000, 0x0000000100000000)
  region size 1024K, 1 young (1024K), 1 survivors (1024K)
 Metaspace       used 60047K, committed 60544K, reserved 1105920K
  class space    used 7890K, committed 8128K, reserved 1048576K
}
Event: 9.788 GC heap before
{Heap before GC invocations=26 (full 0):
 garbage-first heap   total 89088K, used 65411K [0x0000000080000000, 0x0000000100000000)
  region size 1024K, 15 young (15360K), 1 survivors (1024K)
 Metaspace       used 62046K, committed 62528K, reserved 1105920K
  class space    used 8184K, committed 8384K, reserved 1048576K
}
Event: 9.790 GC heap after
{Heap after GC invocations=27 (full 0):
 garbage-first heap   total 89088K, used 51548K [0x0000000080000000, 0x0000000100000000)
  region size 1024K, 1 young (1024K), 1 survivors (1024K)
 Metaspace       used 62046K, committed 62528K, reserved 1105920K
  class space    used 8184K, committed 8384K, reserved 1048576K
}
Event: 10.127 GC heap before
{Heap before GC invocations=28 (full 0):
 garbage-first heap   total 92160K, used 66908K [0x0000000080000000, 0x0000000100000000)
  region size 1024K, 16 young (16384K), 1 survivors (1024K)
 Metaspace       used 64908K, committed 65408K, reserved 1105920K
  class space    used 8489K, committed 8704K, reserved 1048576K
}
Event: 10.130 GC heap after
{Heap after GC invocations=29 (full 0):
 garbage-first heap   total 92160K, used 51968K [0x0000000080000000, 0x0000000100000000)
  region size 1024K, 2 young (2048K), 2 survivors (2048K)
 Metaspace       used 64908K, committed 65408K, reserved 1105920K
  class space    used 8489K, committed 8704K, reserved 1048576K
}
Event: 10.169 GC heap before
{Heap before GC invocations=29 (full 0):
 garbage-first heap   total 92160K, used 52992K [0x0000000080000000, 0x0000000100000000)
  region size 1024K, 4 young (4096K), 2 survivors (2048K)
 Metaspace       used 65342K, committed 65856K, reserved 1105920K
  class space    used 8531K, committed 8768K, reserved 1048576K
}
Event: 10.174 GC heap after
{Heap after GC invocations=30 (full 0):
 garbage-first heap   total 92160K, used 51670K [0x0000000080000000, 0x0000000100000000)
  region size 1024K, 1 young (1024K), 1 survivors (1024K)
 Metaspace       used 65342K, committed 65856K, reserved 1105920K
  class space    used 8531K, committed 8768K, reserved 1048576K
}
Event: 10.581 GC heap before
{Heap before GC invocations=30 (full 0):
 garbage-first heap   total 92160K, used 70102K [0x0000000080000000, 0x0000000100000000)
  region size 1024K, 19 young (19456K), 1 survivors (1024K)
 Metaspace       used 68598K, committed 69120K, reserved 1114112K
  class space    used 8982K, committed 9216K, reserved 1048576K
}
Event: 10.585 GC heap after
{Heap after GC invocations=31 (full 0):
 garbage-first heap   total 92160K, used 52750K [0x0000000080000000, 0x0000000100000000)
  region size 1024K, 2 young (2048K), 2 survivors (2048K)
 Metaspace       used 68598K, committed 69120K, reserved 1114112K
  class space    used 8982K, committed 9216K, reserved 1048576K
}
Event: 10.817 GC heap before
{Heap before GC invocations=32 (full 0):
 garbage-first heap   total 96256K, used 78350K [0x0000000080000000, 0x0000000100000000)
  region size 1024K, 21 young (21504K), 2 survivors (2048K)
 Metaspace       used 69478K, committed 70080K, reserved 1114112K
  class space    used 9104K, committed 9408K, reserved 1048576K
}
Event: 10.822 GC heap after
{Heap after GC invocations=33 (full 0):
 garbage-first heap   total 96256K, used 61206K [0x0000000080000000, 0x0000000100000000)
  region size 1024K, 3 young (3072K), 3 survivors (3072K)
 Metaspace       used 69478K, committed 70080K, reserved 1114112K
  class space    used 9104K, committed 9408K, reserved 1048576K
}
Event: 10.823 GC heap before
{Heap before GC invocations=33 (full 0):
 garbage-first heap   total 96256K, used 62230K [0x0000000080000000, 0x0000000100000000)
  region size 1024K, 4 young (4096K), 3 survivors (3072K)
 Metaspace       used 69478K, committed 70080K, reserved 1114112K
  class space    used 9104K, committed 9408K, reserved 1048576K
}
Event: 10.828 GC heap after
{Heap after GC invocations=34 (full 0):
 garbage-first heap   total 164864K, used 62116K [0x0000000080000000, 0x0000000100000000)
  region size 1024K, 1 young (1024K), 1 survivors (1024K)
 Metaspace       used 69478K, committed 70080K, reserved 1114112K
  class space    used 9104K, committed 9408K, reserved 1048576K
}
Event: 11.409 GC heap before
{Heap before GC invocations=34 (full 0):
 garbage-first heap   total 164864K, used 115364K [0x0000000080000000, 0x0000000100000000)
  region size 1024K, 53 young (54272K), 1 survivors (1024K)
 Metaspace       used 73459K, committed 74048K, reserved 1114112K
  class space    used 9633K, committed 9920K, reserved 1048576K
}
Event: 11.415 GC heap after
{Heap after GC invocations=35 (full 0):
 garbage-first heap   total 164864K, used 66081K [0x0000000080000000, 0x0000000100000000)
  region size 1024K, 5 young (5120K), 5 survivors (5120K)
 Metaspace       used 73459K, committed 74048K, reserved 1114112K
  class space    used 9633K, committed 9920K, reserved 1048576K
}
Event: 12.106 GC heap before
{Heap before GC invocations=35 (full 0):
 garbage-first heap   total 164864K, used 120353K [0x0000000080000000, 0x0000000100000000)
  region size 1024K, 57 young (58368K), 5 survivors (5120K)
 Metaspace       used 77191K, committed 77760K, reserved 1122304K
  class space    used 10183K, committed 10432K, reserved 1048576K
}
Event: 12.114 GC heap after
{Heap after GC invocations=36 (full 0):
 garbage-first heap   total 164864K, used 70139K [0x0000000080000000, 0x0000000100000000)
  region size 1024K, 4 young (4096K), 4 survivors (4096K)
 Metaspace       used 77191K, committed 77760K, reserved 1122304K
  class space    used 10183K, committed 10432K, reserved 1048576K
}
Event: 12.988 GC heap before
{Heap before GC invocations=36 (full 0):
 garbage-first heap   total 164864K, used 124411K [0x0000000080000000, 0x0000000100000000)
  region size 1024K, 57 young (58368K), 4 survivors (4096K)
 Metaspace       used 83001K, committed 83520K, reserved 1122304K
  class space    used 11133K, committed 11392K, reserved 1048576K
}
Event: 12.999 GC heap after
{Heap after GC invocations=37 (full 0):
 garbage-first heap   total 164864K, used 73424K [0x0000000080000000, 0x0000000100000000)
  region size 1024K, 8 young (8192K), 8 survivors (8192K)
 Metaspace       used 83001K, committed 83520K, reserved 1122304K
  class space    used 11133K, committed 11392K, reserved 1048576K
}

