# JRE version: OpenJDK Runtime Environment (17.0.6) (build 17.0.6+0-b2043.56-10027231)
# Java VM: OpenJDK 64-Bit Server VM (17.0.6+0-b2043.56-10027231, mixed mode, tiered, compressed oops, compressed class ptrs, g1 gc, windows-amd64)
GC Precious Log:
 CPUs: 4 total, 4 available
 Memory: 8072M
 Large Page Support: Disabled
 NUMA Support: Disabled
 Compressed Oops: Enabled (32-bit)
 Heap Region Size: 1M
 Heap Min Capacity: 8M
 Heap Initial Capacity: 128M
 Heap Max Capacity: 2G
 Pre-touch: Disabled
 Parallel Workers: 4
 Concurrent Workers: 1
 Concurrent Refinement Workers: 4
 Periodic GC: Disabled
Heap:
 garbage-first heap   total 180224K, used 130042K [0x0000000080000000, 0x0000000100000000)
  region size 1024K, 38 young (38912K), 4 survivors (4096K)
 Metaspace       used 68498K, committed 69184K, reserved 1114112K
  class space    used 9043K, committed 9344K, reserved 1048576K
GC Heap History (20 events):
Event: 6.810 GC heap before
{Heap before GC invocations=18 (full 0):
 garbage-first heap   total 107520K, used 59727K [0x0000000080000000, 0x0000000100000000)
  region size 1024K, 5 young (5120K), 3 survivors (3072K)
 Metaspace       used 46133K, committed 46592K, reserved 1089536K
  class space    used 6128K, committed 6336K, reserved 1048576K
}
Event: 6.815 GC heap after
{Heap after GC invocations=19 (full 0):
 garbage-first heap   total 107520K, used 59611K [0x0000000080000000, 0x0000000100000000)
  region size 1024K, 1 young (1024K), 1 survivors (1024K)
 Metaspace       used 46133K, committed 46592K, reserved 1089536K
  class space    used 6128K, committed 6336K, reserved 1048576K
}
Event: 6.886 GC heap before
{Heap before GC invocations=20 (full 0):
 garbage-first heap   total 107520K, used 62683K [0x0000000080000000, 0x0000000100000000)
  region size 1024K, 2 young (2048K), 1 survivors (1024K)
 Metaspace       used 46134K, committed 46592K, reserved 1089536K
  class space    used 6128K, committed 6336K, reserved 1048576K
}
Event: 6.888 GC heap after
{Heap after GC invocations=21 (full 0):
 garbage-first heap   total 107520K, used 62837K [0x0000000080000000, 0x0000000100000000)
  region size 1024K, 2 young (2048K), 2 survivors (2048K)
 Metaspace       used 46134K, committed 46592K, reserved 1089536K
  class space    used 6128K, committed 6336K, reserved 1048576K
}
Event: 7.417 GC heap before
{Heap before GC invocations=22 (full 0):
 garbage-first heap   total 114688K, used 84341K [0x0000000080000000, 0x0000000100000000)
  region size 1024K, 20 young (20480K), 2 survivors (2048K)
 Metaspace       used 48300K, committed 48768K, reserved 1097728K
  class space    used 6306K, committed 6528K, reserved 1048576K
}
Event: 7.420 GC heap after
{Heap after GC invocations=23 (full 0):
 garbage-first heap   total 114688K, used 68006K [0x0000000080000000, 0x0000000100000000)
  region size 1024K, 3 young (3072K), 3 survivors (3072K)
 Metaspace       used 48300K, committed 48768K, reserved 1097728K
  class space    used 6306K, committed 6528K, reserved 1048576K
}
Event: 7.476 GC heap before
{Heap before GC invocations=23 (full 0):
 garbage-first heap   total 114688K, used 70054K [0x0000000080000000, 0x0000000100000000)
  region size 1024K, 5 young (5120K), 3 survivors (3072K)
 Metaspace       used 48418K, committed 48896K, reserved 1097728K
  class space    used 6322K, committed 6528K, reserved 1048576K
}
Event: 7.481 GC heap after
{Heap after GC invocations=24 (full 0):
 garbage-first heap   total 114688K, used 68537K [0x0000000080000000, 0x0000000100000000)
  region size 1024K, 1 young (1024K), 1 survivors (1024K)
 Metaspace       used 48418K, committed 48896K, reserved 1097728K
  class space    used 6322K, committed 6528K, reserved 1048576K
}
Event: 7.999 GC heap before
{Heap before GC invocations=24 (full 0):
 garbage-first heap   total 114688K, used 89017K [0x0000000080000000, 0x0000000100000000)
  region size 1024K, 21 young (21504K), 1 survivors (1024K)
 Metaspace       used 49599K, committed 50048K, reserved 1097728K
  class space    used 6516K, committed 6720K, reserved 1048576K
}
Event: 8.010 GC heap after
{Heap after GC invocations=25 (full 0):
 garbage-first heap   total 114688K, used 70604K [0x0000000080000000, 0x0000000100000000)
  region size 1024K, 3 young (3072K), 3 survivors (3072K)
 Metaspace       used 49599K, committed 50048K, reserved 1097728K
  class space    used 6516K, committed 6720K, reserved 1048576K
}
Event: 8.311 GC heap before
{Heap before GC invocations=26 (full 0):
 garbage-first heap   total 124928K, used 90060K [0x0000000080000000, 0x0000000100000000)
  region size 1024K, 22 young (22528K), 3 survivors (3072K)
 Metaspace       used 51658K, committed 52224K, reserved 1097728K
  class space    used 6882K, committed 7104K, reserved 1048576K
}
Event: 8.315 GC heap after
{Heap after GC invocations=27 (full 0):
 garbage-first heap   total 124928K, used 72251K [0x0000000080000000, 0x0000000100000000)
  region size 1024K, 2 young (2048K), 2 survivors (2048K)
 Metaspace       used 51658K, committed 52224K, reserved 1097728K
  class space    used 6882K, committed 7104K, reserved 1048576K
}
Event: 8.409 GC heap before
{Heap before GC invocations=27 (full 0):
 garbage-first heap   total 124928K, used 76347K [0x0000000080000000, 0x0000000100000000)
  region size 1024K, 6 young (6144K), 2 survivors (2048K)
 Metaspace       used 52056K, committed 52608K, reserved 1097728K
  class space    used 6954K, committed 7168K, reserved 1048576K
}
Event: 8.415 GC heap after
{Heap after GC invocations=28 (full 0):
 garbage-first heap   total 124928K, used 72107K [0x0000000080000000, 0x0000000100000000)
  region size 1024K, 1 young (1024K), 1 survivors (1024K)
 Metaspace       used 52056K, committed 52608K, reserved 1097728K
  class space    used 6954K, committed 7168K, reserved 1048576K
}
Event: 9.055 GC heap before
{Heap before GC invocations=28 (full 0):
 garbage-first heap   total 124928K, used 97707K [0x0000000080000000, 0x0000000100000000)
  region size 1024K, 27 young (27648K), 1 survivors (1024K)
 Metaspace       used 54029K, committed 54592K, reserved 1097728K
  class space    used 7206K, committed 7424K, reserved 1048576K
}
Event: 9.061 GC heap after
{Heap after GC invocations=29 (full 0):
 garbage-first heap   total 180224K, used 74139K [0x0000000080000000, 0x0000000100000000)
  region size 1024K, 3 young (3072K), 3 survivors (3072K)
 Metaspace       used 54029K, committed 54592K, reserved 1097728K
  class space    used 7206K, committed 7424K, reserved 1048576K
}
Event: 10.454 GC heap before
{Heap before GC invocations=30 (full 0):
 garbage-first heap   total 180224K, used 139675K [0x0000000080000000, 0x0000000100000000)
  region size 1024K, 63 young (64512K), 3 survivors (3072K)
 Metaspace       used 60853K, committed 61440K, reserved 1105920K
  class space    used 8041K, committed 8256K, reserved 1048576K
}
Event: 10.463 GC heap after
{Heap after GC invocations=31 (full 0):
 garbage-first heap   total 180224K, used 86008K [0x0000000080000000, 0x0000000100000000)
  region size 1024K, 8 young (8192K), 8 survivors (8192K)
 Metaspace       used 60853K, committed 61440K, reserved 1105920K
  class space    used 8041K, committed 8256K, reserved 1048576K
}
Event: 11.528 GC heap before
{Heap before GC invocations=31 (full 0):
 garbage-first heap   total 180224K, used 119800K [0x0000000080000000, 0x0000000100000000)
  region size 1024K, 39 young (39936K), 8 survivors (8192K)
 Metaspace       used 66056K, committed 66752K, reserved 1114112K
  class space    used 8723K, committed 9024K, reserved 1048576K
}
Event: 11.535 GC heap after
{Heap after GC invocations=32 (full 0):
 garbage-first heap   total 180224K, used 93178K [0x0000000080000000, 0x0000000100000000)
  region size 1024K, 4 young (4096K), 4 survivors (4096K)
 Metaspace       used 66056K, committed 66752K, reserved 1114112K
  class space    used 8723K, committed 9024K, reserved 1048576K
}

